<?xml version="1.0" encoding="UTF-8"?>
<testng-results skipped="0" failed="0" total="2" passed="2">
  <reporter-output>
  </reporter-output>
  <suite name="GRID" duration-ms="19702" started-at="2017-08-06T08:53:53Z" finished-at="2017-08-06T08:54:13Z">
    <groups>
    </groups>
    <test name="On chrome" duration-ms="11614" started-at="2017-08-06T08:53:53Z" finished-at="2017-08-06T08:54:05Z">
      <class name="grid.GridEg">
        <test-method status="PASS" signature="sample(java.lang.String, java.lang.String)[pri:0, instance:grid.GridEg@457e2f02]" name="sample" duration-ms="11576" started-at="2017-08-06T14:23:53Z" finished-at="2017-08-06T14:24:05Z">
          <params>
            <param index="0">
              <value>
                <![CDATA[chrome]]>
              </value>
            </param>
            <param index="1">
              <value>
                <![CDATA[windows]]>
              </value>
            </param>
          </params>
          <reporter-output>
          </reporter-output>
        </test-method> <!-- sample -->
      </class> <!-- grid.GridEg -->
    </test> <!-- On chrome -->
    <test name="On Firefox" duration-ms="19702" started-at="2017-08-06T08:53:53Z" finished-at="2017-08-06T08:54:13Z">
      <class name="grid.GridEg">
        <test-method status="PASS" signature="sample(java.lang.String, java.lang.String)[pri:0, instance:grid.GridEg@36d4b5c]" name="sample" duration-ms="19671" started-at="2017-08-06T14:23:53Z" finished-at="2017-08-06T14:24:13Z">
          <params>
            <param index="0">
              <value>
                <![CDATA[firefox]]>
              </value>
            </param>
            <param index="1">
              <value>
                <![CDATA[windows]]>
              </value>
            </param>
          </params>
          <reporter-output>
          </reporter-output>
        </test-method> <!-- sample -->
      </class> <!-- grid.GridEg -->
    </test> <!-- On Firefox -->
  </suite> <!-- GRID -->
</testng-results>
